<?xml version="1.0" encoding="utf-8"?><testsuites name="pytest tests"><testsuite name="pytest" errors="0" failures="0" skipped="0" tests="48" time="11.965" timestamp="2026-08-28T10:59:24.435985+00:00" hostname="agent-env-1a6cd0a8-85a1-49d7-a8e9-2f37a927c35d"><testcase classname="tests.test_google_auth.TestGoogleSessionEndpoint" name="test_invalid_session_id_returns_401" time="1.461" /><testcase classname="tests.test_billing_profile.TestCheckout" name="test_checkout_pulse" time="1.644" /><testcase classname="tests.test_google_auth.TestGoogleSessionEndpoint" name="test_random_uuid_session_id_returns_401" time="0.236" /><testcase classname="tests.test_google_auth.TestGoogleSessionEndpoint" name="test_missing_body_returns_422" time="0.238" /><testcase classname="tests.test_billing_profile.TestCheckout" name="test_checkout_ignite" time="0.994" /><testcase classname="tests.test_google_auth.TestGoogleSessionEndpoint" name="test_wrong_field_returns_422" time="0.289" /><testcase classname="tests.test_google_auth.TestGoogleSessionEndpoint" name="test_empty_session_id_does_not_500" time="0.411" /><testcase classname="tests.test_google_auth.TestGoogleSessionEndpoint" name="test_huge_session_id_does_not_500" time="0.083" /><testcase classname="tests.test_billing_profile.TestCheckout" name="test_checkout_invalid_lookup_key" time="0.061" /><testcase classname="tests.test_billing_profile.TestCheckout" name="test_checkout_requires_auth" time="0.071" /><testcase classname="tests.test_google_auth.TestGoogleSessionEndpoint" name="test_invalid_session_sets_no_cookie" time="0.184" /><testcase classname="tests.test_billing_profile.TestCheckout" name="test_status_unknown_session" time="0.057" /><testcase classname="tests.test_billing_profile.TestCheckout" name="test_portal_without_subscription" time="0.369" /><testcase classname="tests.test_iteration8_fixes.TestWebhookMalformed" name="test_malformed_body_returns_400[this-is-not-json-text/plain]" time="0.211" /><testcase classname="tests.test_iteration8_fixes.TestWebhookMalformed" name="test_malformed_body_returns_400[-application/json]" time="0.116" /><testcase classname="tests.test_billing_profile.TestTierFields" name="test_register_returns_tier" time="0.000" /><testcase classname="tests.test_billing_profile.TestTierFields" name="test_auth_me_returns_tier" time="0.069" /><testcase classname="tests.test_iteration8_fixes.TestWebhookMalformed" name="test_malformed_body_returns_400[{not: valid json,,}-application/json]" time="0.138" /><testcase classname="tests.test_billing_profile.TestTierFields" name="test_billing_me" time="0.056" /><testcase classname="tests.test_billing_profile.TestTierFields" name="test_billing_me_requires_auth" time="0.069" /><testcase classname="tests.test_iteration8_fixes.TestWebhookMalformed" name="test_malformed_body_returns_400[[1,2,3]-application/json]" time="0.183" /><testcase classname="tests.test_billing_profile.TestProfilePatch" name="test_patch_profile_and_persist" time="0.128" /><testcase classname="tests.test_billing_profile.TestProfilePatch" name="test_patch_username_conflict" time="0.095" /><testcase classname="tests.test_iteration8_fixes.TestWebhookMalformed" name="test_malformed_body_no_signature" time="0.159" /><testcase classname="tests.test_billing_profile.TestProfilePatch" name="test_patch_validation" time="0.068" /><testcase classname="tests.test_billing_profile.TestProfilePatch" name="test_patch_requires_auth" time="0.099" /><testcase classname="tests.test_billing_profile.TestCommunityRegression" name="test_create_and_list_community" time="1.127" /><testcase classname="tests.test_billing_profile.TestCommunityRegression" name="test_login_and_refresh_regression" time="0.587" /><testcase classname="tests.test_iteration8_fixes.TestBillingStatusOwnership" name="test_status_requires_auth" time="1.488" /><testcase classname="tests.test_billing_profile.TestCommunityRegression" name="test_friends_and_dm_regression" time="0.199" /><testcase classname="tests.test_iteration8_fixes.TestBillingStatusOwnership" name="test_status_other_user_404" time="0.445" /><testcase classname="tests.test_iteration8_fixes.TestBillingStatusOwnership" name="test_status_owner_200" time="0.246" /><testcase classname="tests.test_iteration8_fixes.TestRefreshDeletedUser" name="test_refresh_after_user_deleted_returns_401" time="0.496" /><testcase classname="tests.test_iteration8_fixes.TestBillingStatusOwnership" name="test_status_invalid_token" time="0.213" /><testcase classname="tests.test_auth_workspace_regression" name="test_auth_session_and_workspace_persistence" time="1.481" /><testcase classname="tests.test_iteration8_fixes.TestRefreshDeletedUser" name="test_refresh_happy_path_still_works" time="0.654" /><testcase classname="tests.test_iteration8_fixes.TestRefreshDeletedUser" name="test_refresh_garbage_token" time="0.101" /><testcase classname="tests.test_google_auth.TestGoogleFlowDoesNotBreakPasswordAuth" name="test_register_login_me_still_work" time="0.438" /><testcase classname="tests.test_google_auth.TestGoogleFlowDoesNotBreakPasswordAuth" name="test_me_with_only_session_cookie" time="0.140" /><testcase classname="tests.test_vexor_api" name="test_api_root_is_available" time="0.132" /><testcase classname="tests.test_auth_workspace_regression" name="test_recovery_demo_code_is_usable_or_has_verification_endpoint" time="1.630" /><testcase classname="tests.test_vexor_api" name="test_status_create_and_list" time="0.379" /><testcase classname="tests.test_billing_profile.TestTiers" name="test_tiers_public" time="0.305" /><testcase classname="tests.test_google_auth.TestMascotAsset" name="test_mascot_png_served" time="0.158" /><testcase classname="tests.test_social_rules_regression" name="test_friends_dm_invite_and_rules_enforcement_persist" time="1.789" /><testcase classname="tests.test_billing_profile.TestWebhook" name="test_webhook_bad_signature" time="0.319" /><testcase classname="tests.test_billing_profile.TestWebhook" name="test_webhook_no_signature" time="0.148" /><testcase classname="tests.test_websocket" name="test_websocket_broadcasts_message_between_clients" time="0.965" /></testsuite></testsuites>