<?xml version="1.0" encoding="utf-8"?><testsuites name="pytest tests"><testsuite name="pytest" errors="0" failures="0" skipped="0" tests="38" time="11.023" timestamp="2026-08-28T10:34:55.673157+00:00" hostname="agent-env-1a6cd0a8-85a1-49d7-a8e9-2f37a927c35d"><testcase classname="tests.test_iteration8_fixes.TestWebhookMalformed" name="test_malformed_body_returns_400[this-is-not-json-text/plain]" time="0.290" /><testcase classname="tests.test_iteration8_fixes.TestWebhookMalformed" name="test_malformed_body_returns_400[-application/json]" time="0.260" /><testcase classname="tests.test_iteration8_fixes.TestWebhookMalformed" name="test_malformed_body_returns_400[{not: valid json,,}-application/json]" time="0.625" /><testcase classname="tests.test_billing_profile.TestCheckout" name="test_checkout_pulse" time="1.752" /><testcase classname="tests.test_iteration8_fixes.TestWebhookMalformed" name="test_malformed_body_returns_400[[1,2,3]-application/json]" time="0.394" /><testcase classname="tests.test_iteration8_fixes.TestWebhookMalformed" name="test_malformed_body_no_signature" time="0.187" /><testcase classname="tests.test_billing_profile.TestTierFields" name="test_register_returns_tier" time="0.500" /><testcase classname="tests.test_billing_profile.TestCheckout" name="test_checkout_ignite" time="1.302" /><testcase classname="tests.test_billing_profile.TestTierFields" name="test_auth_me_returns_tier" time="0.044" /><testcase classname="tests.test_billing_profile.TestTierFields" name="test_billing_me" time="0.707" /><testcase classname="tests.test_billing_profile.TestTierFields" name="test_billing_me_requires_auth" time="0.043" /><testcase classname="tests.test_billing_profile.TestCheckout" name="test_checkout_invalid_lookup_key" time="0.091" /><testcase classname="tests.test_billing_profile.TestProfilePatch" name="test_patch_profile_and_persist" time="0.088" /><testcase classname="tests.test_billing_profile.TestCheckout" name="test_checkout_requires_auth" time="0.266" /><testcase classname="tests.test_billing_profile.TestProfilePatch" name="test_patch_username_conflict" time="0.313" /><testcase classname="tests.test_billing_profile.TestCheckout" name="test_status_unknown_session" time="0.092" /><testcase classname="tests.test_billing_profile.TestProfilePatch" name="test_patch_validation" time="0.045" /><testcase classname="tests.test_billing_profile.TestProfilePatch" name="test_patch_requires_auth" time="0.043" /><testcase classname="tests.test_billing_profile.TestCheckout" name="test_portal_without_subscription" time="0.381" /><testcase classname="tests.test_billing_profile.TestCommunityRegression" name="test_create_and_list_community" time="0.379" /><testcase classname="tests.test_billing_profile.TestCommunityRegression" name="test_login_and_refresh_regression" time="0.503" /><testcase classname="tests.test_billing_profile.TestCommunityRegression" name="test_friends_and_dm_regression" time="0.831" /><testcase classname="tests.test_iteration8_fixes.TestBillingStatusOwnership" name="test_status_requires_auth" time="1.498" /><testcase classname="tests.test_iteration8_fixes.TestRefreshDeletedUser" name="test_refresh_after_user_deleted_returns_401" time="0.736" /><testcase classname="tests.test_iteration8_fixes.TestBillingStatusOwnership" name="test_status_other_user_404" time="0.567" /><testcase classname="tests.test_iteration8_fixes.TestBillingStatusOwnership" name="test_status_owner_200" time="0.181" /><testcase classname="tests.test_iteration8_fixes.TestRefreshDeletedUser" name="test_refresh_happy_path_still_works" time="0.466" /><testcase classname="tests.test_iteration8_fixes.TestBillingStatusOwnership" name="test_status_invalid_token" time="0.230" /><testcase classname="tests.test_auth_workspace_regression" name="test_auth_session_and_workspace_persistence" time="1.221" /><testcase classname="tests.test_iteration8_fixes.TestRefreshDeletedUser" name="test_refresh_garbage_token" time="0.252" /><testcase classname="tests.test_billing_profile.TestWebhook" name="test_webhook_bad_signature" time="0.156" /><testcase classname="tests.test_billing_profile.TestWebhook" name="test_webhook_no_signature" time="0.102" /><testcase classname="tests.test_billing_profile.TestTiers" name="test_tiers_public" time="0.155" /><testcase classname="tests.test_social_rules_regression" name="test_friends_dm_invite_and_rules_enforcement_persist" time="2.230" /><testcase classname="tests.test_auth_workspace_regression" name="test_recovery_demo_code_is_usable_or_has_verification_endpoint" time="1.548" /><testcase classname="tests.test_vexor_api" name="test_api_root_is_available" time="0.154" /><testcase classname="tests.test_vexor_api" name="test_status_create_and_list" time="0.414" /><testcase classname="tests.test_websocket" name="test_websocket_broadcasts_message_between_clients" time="0.955" /></testsuite></testsuites>