<?xml version="1.0" encoding="utf-8"?><testsuites name="pytest tests"><testsuite name="pytest" errors="0" failures="1" skipped="0" tests="10" time="1.532" timestamp="2026-08-28T10:59:03.797959+00:00" hostname="agent-env-1a6cd0a8-85a1-49d7-a8e9-2f37a927c35d"><testcase classname="tests.test_google_auth.TestGoogleFlowDoesNotBreakPasswordAuth" name="test_register_login_me_still_work" time="0.561" /><testcase classname="tests.test_google_auth.TestGoogleSessionEndpoint" name="test_invalid_session_id_returns_401" time="0.513" /><testcase classname="tests.test_google_auth.TestGoogleSessionEndpoint" name="test_random_uuid_session_id_returns_401" time="0.169" /><testcase classname="tests.test_google_auth.TestGoogleFlowDoesNotBreakPasswordAuth" name="test_me_with_only_session_cookie" time="0.105" /><testcase classname="tests.test_google_auth.TestMascotAsset" name="test_mascot_png_served" time="0.186" /><testcase classname="tests.test_google_auth.TestGoogleSessionEndpoint" name="test_missing_body_returns_422" time="0.064" /><testcase classname="tests.test_google_auth.TestGoogleSessionEndpoint" name="test_wrong_field_returns_422" time="0.064" /><testcase classname="tests.test_google_auth.TestGoogleSessionEndpoint" name="test_empty_session_id_does_not_500" time="0.067" /><testcase classname="tests.test_google_auth.TestGoogleSessionEndpoint" name="test_huge_session_id_does_not_500" time="0.064" /><testcase classname="tests.test_google_auth.TestGoogleSessionEndpoint" name="test_invalid_session_sets_no_cookie" time="0.096"><failure message="assert 422 == 401&#10; +  where 422 = &lt;Response [422]&gt;.status_code">tests/test_google_auth.py:54: in test_invalid_session_sets_no_cookie
    assert r.status_code == 401
E   assert 422 == 401
E    +  where 422 = &lt;Response [422]&gt;.status_code</failure></testcase></testsuite></testsuites>