<?xml version="1.0" encoding="utf-8"?><testsuites name="pytest tests"><testsuite name="pytest" errors="0" failures="0" skipped="0" tests="38" time="10.742" timestamp="2026-08-28T10:58:23.358823+00:00" hostname="agent-env-1a6cd0a8-85a1-49d7-a8e9-2f37a927c35d"><testcase classname="tests.test_iteration8_fixes.TestWebhookMalformed" name="test_malformed_body_returns_400[this-is-not-json-text/plain]" time="0.283" /><testcase classname="tests.test_iteration8_fixes.TestWebhookMalformed" name="test_malformed_body_returns_400[-application/json]" time="0.236" /><testcase classname="tests.test_iteration8_fixes.TestWebhookMalformed" name="test_malformed_body_returns_400[{not: valid json,,}-application/json]" time="0.604" /><testcase classname="tests.test_billing_profile.TestCheckout" name="test_checkout_pulse" time="1.686" /><testcase classname="tests.test_iteration8_fixes.TestWebhookMalformed" name="test_malformed_body_returns_400[[1,2,3]-application/json]" time="0.380" /><testcase classname="tests.test_iteration8_fixes.TestWebhookMalformed" name="test_malformed_body_no_signature" time="0.155" /><testcase classname="tests.test_billing_profile.TestTierFields" name="test_register_returns_tier" time="0.518" /><testcase classname="tests.test_billing_profile.TestTierFields" name="test_auth_me_returns_tier" time="0.043" /><testcase classname="tests.test_billing_profile.TestCheckout" name="test_checkout_ignite" time="1.334" /><testcase classname="tests.test_billing_profile.TestTierFields" name="test_billing_me" time="0.769" /><testcase classname="tests.test_billing_profile.TestTierFields" name="test_billing_me_requires_auth" time="0.043" /><testcase classname="tests.test_billing_profile.TestCheckout" name="test_checkout_invalid_lookup_key" time="0.062" /><testcase classname="tests.test_billing_profile.TestProfilePatch" name="test_patch_profile_and_persist" time="0.125" /><testcase classname="tests.test_billing_profile.TestCheckout" name="test_checkout_requires_auth" time="0.113" /><testcase classname="tests.test_billing_profile.TestCheckout" name="test_status_unknown_session" time="0.250" /><testcase classname="tests.test_billing_profile.TestProfilePatch" name="test_patch_username_conflict" time="0.312" /><testcase classname="tests.test_billing_profile.TestCheckout" name="test_portal_without_subscription" time="0.401" /><testcase classname="tests.test_billing_profile.TestProfilePatch" name="test_patch_validation" time="0.245" /><testcase classname="tests.test_billing_profile.TestProfilePatch" name="test_patch_requires_auth" time="0.041" /><testcase classname="tests.test_billing_profile.TestCommunityRegression" name="test_create_and_list_community" time="0.429" /><testcase classname="tests.test_billing_profile.TestCommunityRegression" name="test_login_and_refresh_regression" time="0.832" /><testcase classname="tests.test_iteration8_fixes.TestBillingStatusOwnership" name="test_status_requires_auth" time="1.351" /><testcase classname="tests.test_billing_profile.TestCommunityRegression" name="test_friends_and_dm_regression" time="0.170" /><testcase classname="tests.test_iteration8_fixes.TestRefreshDeletedUser" name="test_refresh_after_user_deleted_returns_401" time="0.608" /><testcase classname="tests.test_iteration8_fixes.TestBillingStatusOwnership" name="test_status_other_user_404" time="0.546" /><testcase classname="tests.test_iteration8_fixes.TestBillingStatusOwnership" name="test_status_owner_200" time="0.194" /><testcase classname="tests.test_iteration8_fixes.TestRefreshDeletedUser" name="test_refresh_happy_path_still_works" time="0.488" /><testcase classname="tests.test_iteration8_fixes.TestBillingStatusOwnership" name="test_status_invalid_token" time="0.243" /><testcase classname="tests.test_auth_workspace_regression" name="test_auth_session_and_workspace_persistence" time="1.100" /><testcase classname="tests.test_iteration8_fixes.TestRefreshDeletedUser" name="test_refresh_garbage_token" time="0.223" /><testcase classname="tests.test_billing_profile.TestWebhook" name="test_webhook_bad_signature" time="0.091" /><testcase classname="tests.test_billing_profile.TestWebhook" name="test_webhook_no_signature" time="0.123" /><testcase classname="tests.test_billing_profile.TestTiers" name="test_tiers_public" time="0.170" /><testcase classname="tests.test_social_rules_regression" name="test_friends_dm_invite_and_rules_enforcement_persist" time="2.214" /><testcase classname="tests.test_auth_workspace_regression" name="test_recovery_demo_code_is_usable_or_has_verification_endpoint" time="1.694" /><testcase classname="tests.test_vexor_api" name="test_api_root_is_available" time="0.182" /><testcase classname="tests.test_websocket" name="test_websocket_broadcasts_message_between_clients" time="0.929" /><testcase classname="tests.test_vexor_api" name="test_status_create_and_list" time="0.415" /></testsuite></testsuites>