<?xml version="1.0" encoding="utf-8"?><testsuites name="pytest tests"><testsuite name="pytest" errors="0" failures="0" skipped="0" tests="20" time="4.999" timestamp="2026-08-28T10:23:45.603313+00:00" hostname="agent-env-1a6cd0a8-85a1-49d7-a8e9-2f37a927c35d"><testcase classname="tests.test_billing_profile.TestCheckout" name="test_checkout_pulse" time="1.899" /><testcase classname="tests.test_billing_profile.TestTierFields" name="test_register_returns_tier" time="0.680" /><testcase classname="tests.test_billing_profile.TestTierFields" name="test_auth_me_returns_tier" time="1.029" /><testcase classname="tests.test_billing_profile.TestTierFields" name="test_billing_me" time="0.191" /><testcase classname="tests.test_billing_profile.TestTierFields" name="test_billing_me_requires_auth" time="0.062" /><testcase classname="tests.test_billing_profile.TestProfilePatch" name="test_patch_profile_and_persist" time="0.912" /><testcase classname="tests.test_billing_profile.TestCheckout" name="test_checkout_ignite" time="0.975" /><testcase classname="tests.test_billing_profile.TestCheckout" name="test_checkout_invalid_lookup_key" time="0.061" /><testcase classname="tests.test_billing_profile.TestCheckout" name="test_checkout_requires_auth" time="0.224" /><testcase classname="tests.test_billing_profile.TestCheckout" name="test_status_unknown_session" time="0.061" /><testcase classname="tests.test_billing_profile.TestProfilePatch" name="test_patch_username_conflict" time="0.393" /><testcase classname="tests.test_billing_profile.TestCheckout" name="test_portal_without_subscription" time="0.429" /><testcase classname="tests.test_billing_profile.TestProfilePatch" name="test_patch_validation" time="0.242" /><testcase classname="tests.test_billing_profile.TestProfilePatch" name="test_patch_requires_auth" time="0.061" /><testcase classname="tests.test_billing_profile.TestWebhook" name="test_webhook_bad_signature" time="0.128" /><testcase classname="tests.test_billing_profile.TestCommunityRegression" name="test_create_and_list_community" time="0.288" /><testcase classname="tests.test_billing_profile.TestWebhook" name="test_webhook_no_signature" time="0.142" /><testcase classname="tests.test_billing_profile.TestTiers" name="test_tiers_public" time="0.105" /><testcase classname="tests.test_billing_profile.TestCommunityRegression" name="test_login_and_refresh_regression" time="0.345" /><testcase classname="tests.test_billing_profile.TestCommunityRegression" name="test_friends_and_dm_regression" time="0.193" /></testsuite></testsuites>