<?xml version="1.0" encoding="utf-8"?><testsuites name="pytest tests"><testsuite name="pytest" errors="0" failures="0" skipped="1" tests="26" time="8.116" timestamp="2026-08-28T10:24:18.693087+00:00" hostname="agent-env-1a6cd0a8-85a1-49d7-a8e9-2f37a927c35d"><testcase classname="" name="tests.test_websocket" time="0.000"><skipped message="collection skipped">('/app/backend/tests/test_websocket.py', 14, 'Skipped: REACT_APP_BACKEND_URL is required')</skipped></testcase><testcase classname="tests.test_billing_profile.TestCheckout" name="test_checkout_pulse" time="1.688" /><testcase classname="tests.test_billing_profile.TestTierFields" name="test_register_returns_tier" time="0.630" /><testcase classname="tests.test_billing_profile.TestTierFields" name="test_auth_me_returns_tier" time="0.861" /><testcase classname="tests.test_billing_profile.TestTierFields" name="test_billing_me" time="0.176" /><testcase classname="tests.test_billing_profile.TestTierFields" name="test_billing_me_requires_auth" time="0.108" /><testcase classname="tests.test_billing_profile.TestProfilePatch" name="test_patch_profile_and_persist" time="0.907" /><testcase classname="tests.test_billing_profile.TestCheckout" name="test_checkout_ignite" time="0.978" /><testcase classname="tests.test_billing_profile.TestCheckout" name="test_checkout_invalid_lookup_key" time="0.046" /><testcase classname="tests.test_billing_profile.TestCheckout" name="test_checkout_requires_auth" time="0.245" /><testcase classname="tests.test_billing_profile.TestCheckout" name="test_status_unknown_session" time="0.086" /><testcase classname="tests.test_billing_profile.TestProfilePatch" name="test_patch_username_conflict" time="0.401" /><testcase classname="tests.test_billing_profile.TestCheckout" name="test_portal_without_subscription" time="0.399" /><testcase classname="tests.test_billing_profile.TestProfilePatch" name="test_patch_validation" time="0.250" /><testcase classname="tests.test_billing_profile.TestProfilePatch" name="test_patch_requires_auth" time="0.066" /><testcase classname="tests.test_auth_workspace_regression" name="test_auth_session_and_workspace_persistence" time="1.534" /><testcase classname="tests.test_billing_profile.TestCommunityRegression" name="test_create_and_list_community" time="0.384" /><testcase classname="tests.test_billing_profile.TestCommunityRegression" name="test_login_and_refresh_regression" time="0.354" /><testcase classname="tests.test_billing_profile.TestCommunityRegression" name="test_friends_and_dm_regression" time="0.179" /><testcase classname="tests.test_vexor_api" name="test_api_root_is_available" time="0.168" /><testcase classname="tests.test_vexor_api" name="test_status_create_and_list" time="0.311" /><testcase classname="tests.test_billing_profile.TestTiers" name="test_tiers_public" time="0.108" /><testcase classname="tests.test_auth_workspace_regression" name="test_recovery_demo_code_is_usable_or_has_verification_endpoint" time="2.080" /><testcase classname="tests.test_social_rules_regression" name="test_friends_dm_invite_and_rules_enforcement_persist" time="2.604" /><testcase classname="tests.test_billing_profile.TestWebhook" name="test_webhook_bad_signature" time="0.143" /><testcase classname="tests.test_billing_profile.TestWebhook" name="test_webhook_no_signature" time="0.139" /></testsuite></testsuites>