<?xml version="1.0" encoding="utf-8"?><testsuites name="pytest tests"><testsuite name="pytest" errors="0" failures="0" skipped="0" tests="3" time="1.282" timestamp="2026-08-21T08:36:31.395345+00:00" hostname="agent-env-1a6cd0a8-85a1-49d7-a8e9-2f37a927c35d"><testcase classname="tests.test_websocket" name="test_websocket_broadcasts_message_between_clients" time="0.683" /><testcase classname="tests.test_vexor_api" name="test_api_root_is_available" time="0.241" /><testcase classname="tests.test_vexor_api" name="test_status_create_and_list" time="0.286" /></testsuite></testsuites>