<?xml version="1.0" encoding="utf-8"?><testsuites name="pytest tests"><testsuite name="pytest" errors="0" failures="0" skipped="1" tests="3" time="1.163" timestamp="2026-08-21T08:54:58.651564+00:00" hostname="agent-env-1a6cd0a8-85a1-49d7-a8e9-2f37a927c35d"><testcase classname="" name="tests.test_websocket" time="0.000"><skipped message="collection skipped">('/app/backend/tests/test_websocket.py', 12, 'Skipped: REACT_APP_BACKEND_URL is required')</skipped></testcase><testcase classname="tests.test_vexor_api" name="test_api_root_is_available" time="0.196" /><testcase classname="tests.test_vexor_api" name="test_status_create_and_list" time="0.314" /></testsuite></testsuites>