<?xml version="1.0" encoding="utf-8"?><testsuites name="pytest tests"><testsuite name="pytest" errors="0" failures="0" skipped="0" tests="5" time="4.552" timestamp="2026-08-21T09:03:04.930859+00:00" hostname="agent-env-1a6cd0a8-85a1-49d7-a8e9-2f37a927c35d"><testcase classname="tests.test_vexor_api" name="test_api_root_is_available" time="0.203" /><testcase classname="tests.test_auth_workspace_regression" name="test_auth_session_and_workspace_persistence" time="1.304" /><testcase classname="tests.test_vexor_api" name="test_status_create_and_list" time="0.319" /><testcase classname="tests.test_auth_workspace_regression" name="test_recovery_demo_code_is_usable_or_has_verification_endpoint" time="1.460" /><testcase classname="tests.test_websocket" name="test_websocket_broadcasts_message_between_clients" time="1.107" /></testsuite></testsuites>